<?xml version="1.0" encoding="UTF-8"?>
<!-- Generated by org.testng.reporters.JUnitReportReporter -->
<testsuite hostname="DESKTOP-ES1VFMQ" failures="0" tests="3" name="com.actitimetestNG.user.UserTest" time="65.584" errors="0" timestamp="09 Jun 2018 02:23:38 GMT" skipped="0">
  <testcase classname="com.actitimetestNG.user.UserTest" name="modifyTest" time="16.291"/>
  <testcase classname="com.actitimetestNG.user.UserTest" name="searchUserTest" time="33.576"/>
  <testcase classname="com.actitimetestNG.user.UserTest" name="createUserTest" time="15.717"/>
</testsuite> <!-- com.actitimetestNG.user.UserTest -->
